<?xml version="1.0" encoding="UTF-8"?>
<!-- Generated by org.testng.reporters.JUnitXMLReporter -->
<testsuite ignored="9" hostname="DESKTOP-4PEP83E" failures="4" tests="12" name="Calculator Test Parameterization" time="55.274" errors="0" timestamp="20 Jun 2019 09:50:55 GMT">
  <testcase classname="com.winiumdemo.calculator.Addition" name="testAddition" time="4.093"/>
  <testcase classname="com.winiumdemo.calculator.Addition" name="testAddition" time="4.226"/>
  <testcase classname="com.winiumdemo.calculator.Addition" name="testAddition" time="6.052">
    <failure type="java.lang.AssertionError" message="Actual addition is 850 Expected addition is 900 expected [900] but found [850]">
      <![CDATA[java.lang.AssertionError: Actual addition is 850 Expected addition is 900 expected [900] but found [850]
at com.winiumdemo.calculator.Addition.testAddition(Addition.java:29)
... Removed 34 stack frames]]>
    </failure>
  </testcase> <!-- testAddition -->
  <testcase classname="com.winiumdemo.calculator.Division" name="testDivision" time="4.962"/>
  <testcase classname="com.winiumdemo.calculator.Division" name="testDivision" time="4.127"/>
  <testcase classname="com.winiumdemo.calculator.Division" name="testDivision" time="5.339">
    <failure type="java.lang.AssertionError" message="Actual division is 2 Expected Division is 3 expected [3] but found [2]">
      <![CDATA[java.lang.AssertionError: Actual division is 2 Expected Division is 3 expected [3] but found [2]
at com.winiumdemo.calculator.Division.testDivision(Division.java:29)
... Removed 34 stack frames]]>
    </failure>
  </testcase> <!-- testDivision -->
  <testcase classname="com.winiumdemo.calculator.Mod" name="testMod" time="3.958"/>
  <testcase classname="com.winiumdemo.calculator.Mod" name="testMod" time="3.466"/>
  <testcase classname="com.winiumdemo.calculator.Mod" name="testMod" time="3.709">
    <failure type="java.lang.AssertionError" message="Actual modulus is 3 Expected modulus is 6 expected [6] but found [3]">
      <![CDATA[java.lang.AssertionError: Actual modulus is 3 Expected modulus is 6 expected [6] but found [3]
at com.winiumdemo.calculator.Mod.testMod(Mod.java:30)
... Removed 34 stack frames]]>
    </failure>
  </testcase> <!-- testMod -->
  <testcase classname="com.winiumdemo.calculator.Square" name="testSquare" time="2.904"/>
  <testcase classname="com.winiumdemo.calculator.Square" name="testSquare" time="2.673"/>
  <testcase classname="com.winiumdemo.calculator.Square" name="testSquare" time="2.682">
    <failure type="java.lang.AssertionError" message="Actual square is 1679616 Expected square is 36 expected [36] but found [1679616]">
      <![CDATA[java.lang.AssertionError: Actual square is 1679616 Expected square is 36 expected [36] but found [1679616]
at com.winiumdemo.calculator.Square.testSquare(Square.java:30)
... Removed 34 stack frames]]>
    </failure>
  </testcase> <!-- testSquare -->
  <testcase classname="com.winiumdriver.drivercreation.TestBase" name="@BeforeTest setUp" time="0.0">
    <ignored/>
  </testcase> <!-- @BeforeTest setUp -->
  <testcase classname="com.winiumdriver.drivercreation.TestBase" name="@BeforeTest setUp" time="0.0">
    <ignored/>
  </testcase> <!-- @BeforeTest setUp -->
  <testcase classname="com.winiumdriver.drivercreation.TestBase" name="@BeforeTest setUp" time="0.0">
    <ignored/>
  </testcase> <!-- @BeforeTest setUp -->
  <testcase classname="com.winiumdriver.drivercreation.TestBase" name="@AfterTest tearDown" time="0.0">
    <ignored/>
  </testcase> <!-- @AfterTest tearDown -->
  <testcase classname="com.winiumdriver.drivercreation.TestBase" name="@AfterTest tearDown" time="0.0">
    <ignored/>
  </testcase> <!-- @AfterTest tearDown -->
  <testcase classname="com.winiumdriver.drivercreation.TestBase" name="@AfterTest tearDown" time="0.0">
    <ignored/>
  </testcase> <!-- @AfterTest tearDown -->
  <testcase classname="com.winiumdriver.drivercreation.TestBase" name="@BeforeSuite setUpBeforeSuite" time="0.0">
    <ignored/>
  </testcase> <!-- @BeforeSuite setUpBeforeSuite -->
  <testcase classname="com.winiumdriver.drivercreation.TestBase" name="@BeforeSuite setUpBeforeSuite" time="0.0">
    <ignored/>
  </testcase> <!-- @BeforeSuite setUpBeforeSuite -->
  <testcase classname="com.winiumdriver.drivercreation.TestBase" name="@BeforeSuite setUpBeforeSuite" time="0.0">
    <ignored/>
  </testcase> <!-- @BeforeSuite setUpBeforeSuite -->
</testsuite> <!-- Calculator Test Parameterization -->
