<?xml version="1.0" encoding="UTF-8"?>
<!-- Generated by org.testng.reporters.JUnitXMLReporter -->
<testsuite ignored="0" hostname="DESKTOP-4PEP83E" failures="2" tests="2" name="Testing Parameterization" time="18.047" errors="0" timestamp="20 Jun 2019 04:51:57 GMT">
  <testcase classname="com.winiumdemo.calculator.Addition" name="testAddition" time="7.77">
    <failure type="java.lang.AssertionError" message="Actual addition is 0 Expected addition is 20 expected [20] but found [0]">
      <![CDATA[java.lang.AssertionError: Actual addition is 0 Expected addition is 20 expected [20] but found [0]
at com.winiumdemo.calculator.Addition.testAddition(Addition.java:30)
... Removed 30 stack frames]]>
    </failure>
  </testcase> <!-- testAddition -->
  <testcase classname="com.winiumdemo.calculator.Addition" name="testAddition" time="7.663">
    <failure type="java.lang.AssertionError" message="Actual addition is 0 Expected addition is 70 expected [70] but found [0]">
      <![CDATA[java.lang.AssertionError: Actual addition is 0 Expected addition is 70 expected [70] but found [0]
at com.winiumdemo.calculator.Addition.testAddition(Addition.java:30)
... Removed 30 stack frames]]>
    </failure>
  </testcase> <!-- testAddition -->
</testsuite> <!-- Testing Parameterization -->
