<?xml version="1.0" encoding="UTF-8"?>
<!-- Generated by org.testng.reporters.JUnitXMLReporter -->
<testsuite ignored="9" hostname="DESKTOP-4PEP83E" failures="4" tests="12" name="Calculator Test Parameterization" time="52.146" errors="0" timestamp="21 Jun 2019 02:16:18 GMT">
  <testcase classname="com.winiumdemo.calculator.Addition" name="testAddition" time="4.08"/>
  <testcase classname="com.winiumdemo.calculator.Addition" name="testAddition" time="4.185"/>
  <testcase classname="com.winiumdemo.calculator.Addition" name="testAddition" time="4.092">
    <failure type="java.lang.AssertionError" message="Actual addition is 850.0 Expected addition is 900.0 expected [900.0] but found [850.0]">
      <![CDATA[java.lang.AssertionError: Actual addition is 850.0 Expected addition is 900.0 expected [900.0] but found [850.0]
at com.winiumdemo.calculator.Addition.testAddition(Addition.java:29)
... Removed 29 stack frames]]>
    </failure>
  </testcase> <!-- testAddition -->
  <testcase classname="com.winiumdemo.calculator.Division" name="testDivision" time="4.132"/>
  <testcase classname="com.winiumdemo.calculator.Division" name="testDivision" time="4.284"/>
  <testcase classname="com.winiumdemo.calculator.Division" name="testDivision" time="4.129">
    <failure type="java.lang.AssertionError" message="Actual division is 2.0 Expected Division is 3.0 expected [3.0] but found [2.0]">
      <![CDATA[java.lang.AssertionError: Actual division is 2.0 Expected Division is 3.0 expected [3.0] but found [2.0]
at com.winiumdemo.calculator.Division.testDivision(Division.java:29)
... Removed 29 stack frames]]>
    </failure>
  </testcase> <!-- testDivision -->
  <testcase classname="com.winiumdemo.calculator.Mod" name="testMod" time="4.157"/>
  <testcase classname="com.winiumdemo.calculator.Mod" name="testMod" time="4.106"/>
  <testcase classname="com.winiumdemo.calculator.Mod" name="testMod" time="4.119">
    <failure type="java.lang.AssertionError" message="Actual modulus is 3.0 Expected modulus is 6.0 expected [6.0] but found [3.0]">
      <![CDATA[java.lang.AssertionError: Actual modulus is 3.0 Expected modulus is 6.0 expected [6.0] but found [3.0]
at com.winiumdemo.calculator.Mod.testMod(Mod.java:30)
... Removed 29 stack frames]]>
    </failure>
  </testcase> <!-- testMod -->
  <testcase classname="com.winiumdemo.calculator.Square" name="testSquare" time="3.328"/>
  <testcase classname="com.winiumdemo.calculator.Square" name="testSquare" time="3.263"/>
  <testcase classname="com.winiumdemo.calculator.Square" name="testSquare" time="3.282">
    <failure type="java.lang.AssertionError" message="Actual square is 1679616.0 Expected square is 36.0 expected [36.0] but found [1679616.0]">
      <![CDATA[java.lang.AssertionError: Actual square is 1679616.0 Expected square is 36.0 expected [36.0] but found [1679616.0]
at com.winiumdemo.calculator.Square.testSquare(Square.java:30)
... Removed 29 stack frames]]>
    </failure>
  </testcase> <!-- testSquare -->
  <testcase classname="com.winiumdriver.drivercreation.TestBase" name="@BeforeTest setUp" time="0.0">
    <ignored/>
  </testcase> <!-- @BeforeTest setUp -->
  <testcase classname="com.winiumdriver.drivercreation.TestBase" name="@BeforeTest setUp" time="0.0">
    <ignored/>
  </testcase> <!-- @BeforeTest setUp -->
  <testcase classname="com.winiumdriver.drivercreation.TestBase" name="@BeforeTest setUp" time="0.0">
    <ignored/>
  </testcase> <!-- @BeforeTest setUp -->
  <testcase classname="com.winiumdriver.drivercreation.TestBase" name="@AfterTest tearDown" time="0.0">
    <ignored/>
  </testcase> <!-- @AfterTest tearDown -->
  <testcase classname="com.winiumdriver.drivercreation.TestBase" name="@AfterTest tearDown" time="0.0">
    <ignored/>
  </testcase> <!-- @AfterTest tearDown -->
  <testcase classname="com.winiumdriver.drivercreation.TestBase" name="@AfterTest tearDown" time="0.0">
    <ignored/>
  </testcase> <!-- @AfterTest tearDown -->
  <testcase classname="com.winiumdriver.drivercreation.TestBase" name="@BeforeSuite setUpBeforeSuite" time="0.0">
    <ignored/>
  </testcase> <!-- @BeforeSuite setUpBeforeSuite -->
  <testcase classname="com.winiumdriver.drivercreation.TestBase" name="@BeforeSuite setUpBeforeSuite" time="0.0">
    <ignored/>
  </testcase> <!-- @BeforeSuite setUpBeforeSuite -->
  <testcase classname="com.winiumdriver.drivercreation.TestBase" name="@BeforeSuite setUpBeforeSuite" time="0.0">
    <ignored/>
  </testcase> <!-- @BeforeSuite setUpBeforeSuite -->
</testsuite> <!-- Calculator Test Parameterization -->
