<html>
<head>
<title>TestNG:  Calculator Test Parameterization</title>
<link href="../testng.css" rel="stylesheet" type="text/css" />
<link href="../my-testng.css" rel="stylesheet" type="text/css" />

<style type="text/css">
.log { display: none;} 
.stack-trace { display: none;} 
</style>
<script type="text/javascript">
<!--
function flip(e) {
  current = e.style.display;
  if (current == 'block') {
    e.style.display = 'none';
    return 0;
  }
  else {
    e.style.display = 'block';
    return 1;
  }
}

function toggleBox(szDivId, elem, msg1, msg2)
{
  var res = -1;  if (document.getElementById) {
    res = flip(document.getElementById(szDivId));
  }
  else if (document.all) {
    // this is the way old msie versions work
    res = flip(document.all[szDivId]);
  }
  if(elem) {
    if(res == 0) elem.innerHTML = msg1; else elem.innerHTML = msg2;
  }

}

function toggleAllBoxes() {
  if (document.getElementsByTagName) {
    d = document.getElementsByTagName('div');
    for (i = 0; i < d.length; i++) {
      if (d[i].className == 'log') {
        flip(d[i]);
      }
    }
  }
}

// -->
</script>

</head>
<body>
<h2 align='center'>Calculator Test Parameterization</h2><table border='1' align="center">
<tr>
<td>Tests passed/Failed/Skipped:</td><td>8/4/0</td>
</tr><tr>
<td>Started on:</td><td>Fri Jun 21 07:45:25 IST 2019</td>
</tr>
<tr><td>Total time:</td><td>52 seconds (52146 ms)</td>
</tr><tr>
<td>Included groups:</td><td></td>
</tr><tr>
<td>Excluded groups:</td><td></td>
</tr>
</table><p/>
<small><i>(Hover the method name to see the test class name)</i></small><p/>
<table width='100%' border='1' class='invocation-failed'>
<tr><td colspan='4' align='center'><b>FAILED TESTS</b></td></tr>
<tr><td><b>Test method</b></td>
<td width="30%"><b>Exception</b></td>
<td width="10%"><b>Time (seconds)</b></td>
<td><b>Instance</b></td>
</tr>
<tr>
<td title='com.winiumdemo.calculator.Addition.testAddition()'><b>testAddition</b><br>Test class: com.winiumdemo.calculator.Addition<br>Test method: Verify Addition of Two Numbers<br>Parameters: 400.0, 450.0, 900.0</td>
<td><div><pre>java.lang.AssertionError: Actual addition is 850.0 Expected addition is 900.0 expected [900.0] but found [850.0]
	at com.winiumdemo.calculator.Addition.testAddition(Addition.java:29)
... Removed 29 stack frames</pre></div><a href='#' onClick='toggleBox("stack-trace353580491", this, "Click to show all stack frames", "Click to hide stack frames")'>Click to show all stack frames</a>
<div class='stack-trace' id='stack-trace353580491'><pre>java.lang.AssertionError: Actual addition is 850.0 Expected addition is 900.0 expected [900.0] but found [850.0]
	at org.testng.Assert.fail(Assert.java:96)
	at org.testng.Assert.failNotEquals(Assert.java:776)
	at org.testng.Assert.assertEqualsImpl(Assert.java:137)
	at org.testng.Assert.assertEquals(Assert.java:118)
	at com.winiumdemo.calculator.Addition.testAddition(Addition.java:29)
	at java.base/jdk.internal.reflect.NativeMethodAccessorImpl.invoke0(Native Method)
	at java.base/jdk.internal.reflect.NativeMethodAccessorImpl.invoke(NativeMethodAccessorImpl.java:62)
	at java.base/jdk.internal.reflect.DelegatingMethodAccessorImpl.invoke(DelegatingMethodAccessorImpl.java:43)
	at java.base/java.lang.reflect.Method.invoke(Method.java:567)
	at org.testng.internal.MethodInvocationHelper.invokeMethod(MethodInvocationHelper.java:124)
	at org.testng.internal.Invoker.invokeMethod(Invoker.java:583)
	at org.testng.internal.Invoker.invokeTestMethod(Invoker.java:719)
	at org.testng.internal.Invoker.invokeTestMethods(Invoker.java:989)
	at org.testng.internal.TestMethodWorker.invokeTestMethods(TestMethodWorker.java:125)
	at org.testng.internal.TestMethodWorker.run(TestMethodWorker.java:109)
	at org.testng.TestRunner.privateRun(TestRunner.java:648)
	at org.testng.TestRunner.run(TestRunner.java:505)
	at org.testng.SuiteRunner.runTest(SuiteRunner.java:455)
	at org.testng.SuiteRunner.runSequentially(SuiteRunner.java:450)
	at org.testng.SuiteRunner.privateRun(SuiteRunner.java:415)
	at org.testng.SuiteRunner.run(SuiteRunner.java:364)
	at org.testng.SuiteRunnerWorker.runSuite(SuiteRunnerWorker.java:52)
	at org.testng.SuiteRunnerWorker.run(SuiteRunnerWorker.java:84)
	at org.testng.TestNG.runSuitesSequentially(TestNG.java:1208)
	at org.testng.TestNG.runSuitesLocally(TestNG.java:1137)
	at org.testng.TestNG.runSuites(TestNG.java:1049)
	at org.testng.TestNG.run(TestNG.java:1017)
	at org.testng.remote.AbstractRemoteTestNG.run(AbstractRemoteTestNG.java:115)
	at org.testng.remote.RemoteTestNG.initAndRun(RemoteTestNG.java:251)
	at org.testng.remote.RemoteTestNG.main(RemoteTestNG.java:77)
</pre></div></td>
<td>4</td>
<td>com.winiumdemo.calculator.Addition@4cc451f2</td></tr>
<tr>
<td title='com.winiumdemo.calculator.Division.testDivision()'><b>testDivision</b><br>Test class: com.winiumdemo.calculator.Division<br>Test method: Verify Division of Two Numbers<br>Parameters: 200.0, 100.0, 3.0</td>
<td><div><pre>java.lang.AssertionError: Actual division is 2.0 Expected Division is 3.0 expected [3.0] but found [2.0]
	at com.winiumdemo.calculator.Division.testDivision(Division.java:29)
... Removed 29 stack frames</pre></div><a href='#' onClick='toggleBox("stack-trace1480170882", this, "Click to show all stack frames", "Click to hide stack frames")'>Click to show all stack frames</a>
<div class='stack-trace' id='stack-trace1480170882'><pre>java.lang.AssertionError: Actual division is 2.0 Expected Division is 3.0 expected [3.0] but found [2.0]
	at org.testng.Assert.fail(Assert.java:96)
	at org.testng.Assert.failNotEquals(Assert.java:776)
	at org.testng.Assert.assertEqualsImpl(Assert.java:137)
	at org.testng.Assert.assertEquals(Assert.java:118)
	at com.winiumdemo.calculator.Division.testDivision(Division.java:29)
	at java.base/jdk.internal.reflect.NativeMethodAccessorImpl.invoke0(Native Method)
	at java.base/jdk.internal.reflect.NativeMethodAccessorImpl.invoke(NativeMethodAccessorImpl.java:62)
	at java.base/jdk.internal.reflect.DelegatingMethodAccessorImpl.invoke(DelegatingMethodAccessorImpl.java:43)
	at java.base/java.lang.reflect.Method.invoke(Method.java:567)
	at org.testng.internal.MethodInvocationHelper.invokeMethod(MethodInvocationHelper.java:124)
	at org.testng.internal.Invoker.invokeMethod(Invoker.java:583)
	at org.testng.internal.Invoker.invokeTestMethod(Invoker.java:719)
	at org.testng.internal.Invoker.invokeTestMethods(Invoker.java:989)
	at org.testng.internal.TestMethodWorker.invokeTestMethods(TestMethodWorker.java:125)
	at org.testng.internal.TestMethodWorker.run(TestMethodWorker.java:109)
	at org.testng.TestRunner.privateRun(TestRunner.java:648)
	at org.testng.TestRunner.run(TestRunner.java:505)
	at org.testng.SuiteRunner.runTest(SuiteRunner.java:455)
	at org.testng.SuiteRunner.runSequentially(SuiteRunner.java:450)
	at org.testng.SuiteRunner.privateRun(SuiteRunner.java:415)
	at org.testng.SuiteRunner.run(SuiteRunner.java:364)
	at org.testng.SuiteRunnerWorker.runSuite(SuiteRunnerWorker.java:52)
	at org.testng.SuiteRunnerWorker.run(SuiteRunnerWorker.java:84)
	at org.testng.TestNG.runSuitesSequentially(TestNG.java:1208)
	at org.testng.TestNG.runSuitesLocally(TestNG.java:1137)
	at org.testng.TestNG.runSuites(TestNG.java:1049)
	at org.testng.TestNG.run(TestNG.java:1017)
	at org.testng.remote.AbstractRemoteTestNG.run(AbstractRemoteTestNG.java:115)
	at org.testng.remote.RemoteTestNG.initAndRun(RemoteTestNG.java:251)
	at org.testng.remote.RemoteTestNG.main(RemoteTestNG.java:77)
</pre></div></td>
<td>4</td>
<td>com.winiumdemo.calculator.Division@6379eb</td></tr>
<tr>
<td title='com.winiumdemo.calculator.Mod.testMod()'><b>testMod</b><br>Test class: com.winiumdemo.calculator.Mod<br>Test method: Verify Mod of Two Numbers<br>Parameters: 45.0, 7.0, 6.0</td>
<td><div><pre>java.lang.AssertionError: Actual modulus is 3.0 Expected modulus is 6.0 expected [6.0] but found [3.0]
	at com.winiumdemo.calculator.Mod.testMod(Mod.java:30)
... Removed 29 stack frames</pre></div><a href='#' onClick='toggleBox("stack-trace1048444228", this, "Click to show all stack frames", "Click to hide stack frames")'>Click to show all stack frames</a>
<div class='stack-trace' id='stack-trace1048444228'><pre>java.lang.AssertionError: Actual modulus is 3.0 Expected modulus is 6.0 expected [6.0] but found [3.0]
	at org.testng.Assert.fail(Assert.java:96)
	at org.testng.Assert.failNotEquals(Assert.java:776)
	at org.testng.Assert.assertEqualsImpl(Assert.java:137)
	at org.testng.Assert.assertEquals(Assert.java:118)
	at com.winiumdemo.calculator.Mod.testMod(Mod.java:30)
	at java.base/jdk.internal.reflect.NativeMethodAccessorImpl.invoke0(Native Method)
	at java.base/jdk.internal.reflect.NativeMethodAccessorImpl.invoke(NativeMethodAccessorImpl.java:62)
	at java.base/jdk.internal.reflect.DelegatingMethodAccessorImpl.invoke(DelegatingMethodAccessorImpl.java:43)
	at java.base/java.lang.reflect.Method.invoke(Method.java:567)
	at org.testng.internal.MethodInvocationHelper.invokeMethod(MethodInvocationHelper.java:124)
	at org.testng.internal.Invoker.invokeMethod(Invoker.java:583)
	at org.testng.internal.Invoker.invokeTestMethod(Invoker.java:719)
	at org.testng.internal.Invoker.invokeTestMethods(Invoker.java:989)
	at org.testng.internal.TestMethodWorker.invokeTestMethods(TestMethodWorker.java:125)
	at org.testng.internal.TestMethodWorker.run(TestMethodWorker.java:109)
	at org.testng.TestRunner.privateRun(TestRunner.java:648)
	at org.testng.TestRunner.run(TestRunner.java:505)
	at org.testng.SuiteRunner.runTest(SuiteRunner.java:455)
	at org.testng.SuiteRunner.runSequentially(SuiteRunner.java:450)
	at org.testng.SuiteRunner.privateRun(SuiteRunner.java:415)
	at org.testng.SuiteRunner.run(SuiteRunner.java:364)
	at org.testng.SuiteRunnerWorker.runSuite(SuiteRunnerWorker.java:52)
	at org.testng.SuiteRunnerWorker.run(SuiteRunnerWorker.java:84)
	at org.testng.TestNG.runSuitesSequentially(TestNG.java:1208)
	at org.testng.TestNG.runSuitesLocally(TestNG.java:1137)
	at org.testng.TestNG.runSuites(TestNG.java:1049)
	at org.testng.TestNG.run(TestNG.java:1017)
	at org.testng.remote.AbstractRemoteTestNG.run(AbstractRemoteTestNG.java:115)
	at org.testng.remote.RemoteTestNG.initAndRun(RemoteTestNG.java:251)
	at org.testng.remote.RemoteTestNG.main(RemoteTestNG.java:77)
</pre></div></td>
<td>4</td>
<td>com.winiumdemo.calculator.Mod@294425a7</td></tr>
<tr>
<td title='com.winiumdemo.calculator.Square.testSquare()'><b>testSquare</b><br>Test class: com.winiumdemo.calculator.Square<br>Test method: Verify Sqaure of  Numbers<br>Parameters: 6.0, 36.0</td>
<td><div><pre>java.lang.AssertionError: Actual square is 1679616.0 Expected square is 36.0 expected [36.0] but found [1679616.0]
	at com.winiumdemo.calculator.Square.testSquare(Square.java:30)
... Removed 29 stack frames</pre></div><a href='#' onClick='toggleBox("stack-trace775174220", this, "Click to show all stack frames", "Click to hide stack frames")'>Click to show all stack frames</a>
<div class='stack-trace' id='stack-trace775174220'><pre>java.lang.AssertionError: Actual square is 1679616.0 Expected square is 36.0 expected [36.0] but found [1679616.0]
	at org.testng.Assert.fail(Assert.java:96)
	at org.testng.Assert.failNotEquals(Assert.java:776)
	at org.testng.Assert.assertEqualsImpl(Assert.java:137)
	at org.testng.Assert.assertEquals(Assert.java:118)
	at com.winiumdemo.calculator.Square.testSquare(Square.java:30)
	at java.base/jdk.internal.reflect.NativeMethodAccessorImpl.invoke0(Native Method)
	at java.base/jdk.internal.reflect.NativeMethodAccessorImpl.invoke(NativeMethodAccessorImpl.java:62)
	at java.base/jdk.internal.reflect.DelegatingMethodAccessorImpl.invoke(DelegatingMethodAccessorImpl.java:43)
	at java.base/java.lang.reflect.Method.invoke(Method.java:567)
	at org.testng.internal.MethodInvocationHelper.invokeMethod(MethodInvocationHelper.java:124)
	at org.testng.internal.Invoker.invokeMethod(Invoker.java:583)
	at org.testng.internal.Invoker.invokeTestMethod(Invoker.java:719)
	at org.testng.internal.Invoker.invokeTestMethods(Invoker.java:989)
	at org.testng.internal.TestMethodWorker.invokeTestMethods(TestMethodWorker.java:125)
	at org.testng.internal.TestMethodWorker.run(TestMethodWorker.java:109)
	at org.testng.TestRunner.privateRun(TestRunner.java:648)
	at org.testng.TestRunner.run(TestRunner.java:505)
	at org.testng.SuiteRunner.runTest(SuiteRunner.java:455)
	at org.testng.SuiteRunner.runSequentially(SuiteRunner.java:450)
	at org.testng.SuiteRunner.privateRun(SuiteRunner.java:415)
	at org.testng.SuiteRunner.run(SuiteRunner.java:364)
	at org.testng.SuiteRunnerWorker.runSuite(SuiteRunnerWorker.java:52)
	at org.testng.SuiteRunnerWorker.run(SuiteRunnerWorker.java:84)
	at org.testng.TestNG.runSuitesSequentially(TestNG.java:1208)
	at org.testng.TestNG.runSuitesLocally(TestNG.java:1137)
	at org.testng.TestNG.runSuites(TestNG.java:1049)
	at org.testng.TestNG.run(TestNG.java:1017)
	at org.testng.remote.AbstractRemoteTestNG.run(AbstractRemoteTestNG.java:115)
	at org.testng.remote.RemoteTestNG.initAndRun(RemoteTestNG.java:251)
	at org.testng.remote.RemoteTestNG.main(RemoteTestNG.java:77)
</pre></div></td>
<td>3</td>
<td>com.winiumdemo.calculator.Square@67d48005</td></tr>
</table><p>
<table width='100%' border='1' class='invocation-passed'>
<tr><td colspan='4' align='center'><b>PASSED TESTS</b></td></tr>
<tr><td><b>Test method</b></td>
<td width="30%"><b>Exception</b></td>
<td width="10%"><b>Time (seconds)</b></td>
<td><b>Instance</b></td>
</tr>
<tr>
<td title='com.winiumdemo.calculator.Addition.testAddition()'><b>testAddition</b><br>Test class: com.winiumdemo.calculator.Addition<br>Test method: Verify Addition of Two Numbers<br>Parameters: 10.0, 10.0, 20.0</td>
<td></td>
<td>4</td>
<td>com.winiumdemo.calculator.Addition@4cc451f2</td></tr>
<tr>
<td title='com.winiumdemo.calculator.Addition.testAddition()'><b>testAddition</b><br>Test class: com.winiumdemo.calculator.Addition<br>Test method: Verify Addition of Two Numbers<br>Parameters: 30.0, 40.0, 70.0</td>
<td></td>
<td>4</td>
<td>com.winiumdemo.calculator.Addition@4cc451f2</td></tr>
<tr>
<td title='com.winiumdemo.calculator.Division.testDivision()'><b>testDivision</b><br>Test class: com.winiumdemo.calculator.Division<br>Test method: Verify Division of Two Numbers<br>Parameters: 100.0, 10.0, 10.0</td>
<td></td>
<td>4</td>
<td>com.winiumdemo.calculator.Division@6379eb</td></tr>
<tr>
<td title='com.winiumdemo.calculator.Division.testDivision()'><b>testDivision</b><br>Test class: com.winiumdemo.calculator.Division<br>Test method: Verify Division of Two Numbers<br>Parameters: 250.0, 5.0, 50.0</td>
<td></td>
<td>4</td>
<td>com.winiumdemo.calculator.Division@6379eb</td></tr>
<tr>
<td title='com.winiumdemo.calculator.Mod.testMod()'><b>testMod</b><br>Test class: com.winiumdemo.calculator.Mod<br>Test method: Verify Mod of Two Numbers<br>Parameters: 55.0, 10.0, 5.0</td>
<td></td>
<td>4</td>
<td>com.winiumdemo.calculator.Mod@294425a7</td></tr>
<tr>
<td title='com.winiumdemo.calculator.Mod.testMod()'><b>testMod</b><br>Test class: com.winiumdemo.calculator.Mod<br>Test method: Verify Mod of Two Numbers<br>Parameters: 34.0, 3.0, 1.0</td>
<td></td>
<td>4</td>
<td>com.winiumdemo.calculator.Mod@294425a7</td></tr>
<tr>
<td title='com.winiumdemo.calculator.Square.testSquare()'><b>testSquare</b><br>Test class: com.winiumdemo.calculator.Square<br>Test method: Verify Sqaure of  Numbers<br>Parameters: 4.0, 65536.0</td>
<td></td>
<td>3</td>
<td>com.winiumdemo.calculator.Square@67d48005</td></tr>
<tr>
<td title='com.winiumdemo.calculator.Square.testSquare()'><b>testSquare</b><br>Test class: com.winiumdemo.calculator.Square<br>Test method: Verify Sqaure of  Numbers<br>Parameters: 5.0, 390625.0</td>
<td></td>
<td>3</td>
<td>com.winiumdemo.calculator.Square@67d48005</td></tr>
</table><p>
</body>
</html>